mome/proguard/seeds.txt
com.mome.main.R$anim
com.mome.main.R$anim: int slide_in_from_bottom
com.mome.main.R$anim: int slide_in_from_top
com.mome.main.R$anim: int slide_out_to_bottom
com.mome.main.R$anim: int slide_out_to_top
com.mome.main.R$attr
com.mome.main.R$attr: int PullToRefresh_ptrMode
com.mome.main.R$attr: int actionDistance
com.mome.main.R$attr: int donut_background_color
com.mome.main.R$attr: int donut_finished_color
com.mome.main.R$attr: int donut_finished_stroke_width
com.mome.main.R$attr: int donut_inner_bottom_text
com.mome.main.R$attr: int donut_inner_bottom_text_color
com.mome.main.R$attr: int donut_inner_bottom_text_size
com.mome.main.R$attr: int donut_max
com.mome.main.R$attr: int donut_prefix_text
com.mome.main.R$attr: int donut_progress
com.mome.main.R$attr: int donut_suffix_text
com.mome.main.R$attr: int donut_text
com.mome.main.R$attr: int donut_text_color
com.mome.main.R$attr: int donut_text_size
com.mome.main.R$attr: int donut_unfinished_color
com.mome.main.R$attr: int donut_unfinished_stroke_width
com.mome.main.R$attr: int hasStickyHeaders
com.mome.main.R$attr: int inputShow
com.mome.main.R$attr: int isDrawingListUnderStickyHeader
com.mome.main.R$attr: int leftBtnShow
com.mome.main.R$attr: int leftButton
com.mome.main.R$attr: int leftImg
com.mome.main.R$attr: int leftText
com.mome.main.R$attr: int maxRotation
com.mome.main.R$attr: int ptrAdapterViewBackground
com.mome.main.R$attr: int ptrAnimationStyle
com.mome.main.R$attr: int ptrDrawable
com.mome.main.R$attr: int ptrDrawableBottom
com.mome.main.R$attr: int ptrDrawableEnd
com.mome.main.R$attr: int ptrDrawableStart
com.mome.main.R$attr: int ptrDrawableTop
com.mome.main.R$attr: int ptrHeaderBackground
com.mome.main.R$color
com.mome.main.R$color: int B3B3B3
com.mome.main.R$color: int E0DEDA
com.mome.main.R$color: int F0F0F0
com.mome.main.R$color: int Purple
com.mome.main.R$color: int alpha
com.mome.main.R$color: int black
com.mome.main.R$color: int combackgroud
com.mome.main.R$color: int dynamicDateColor
com.mome.main.R$color: int dynamicHLineColor
com.mome.main.R$color: int dynamicLineColor
com.mome.main.R$color: int dynamicScoreClolor
com.mome.main.R$color: int dynamicTextNormal
com.mome.main.R$color: int dynamicTextPressed
com.mome.main.R$color: int dynamic_text_selector
com.mome.main.R$color: int gary_line
com.mome.main.R$color: int gray
com.mome.main.R$color: int losergray
com.mome.main.R$color: int mostgray
com.mome.main.R$color: int movieLineColor
com.mome.main.R$color: int possible_result_points
com.mome.main.R$color: int result_view
com.mome.main.R$color: int tabBackground
com.mome.main.R$color: int tabTitleDefault
com.mome.main.R$color: int tabTitlePressed
com.mome.main.R$color: int text_view_selector
com.mome.main.R$color: int viewfinder_frame
com.mome.main.R$color: int viewfinder_laser
com.mome.main.R$color: int viewfinder_mask
com.mome.main.R$color: int white
...
com.mome.view.MyChatListView
com.mome.view.MyChatListView: MyChatListView(android.content.Context,android.util.AttributeSet)
com.mome.view.MyDeImageView
com.mome.view.MyDeImageView: MyDeImageView(android.content.Context,android.util.AttributeSet)
com.mome.view.MyDeImageView: MyDeImageView(android.content.Context)
com.mome.view.MyDeImageView: MyDeImageView(android.content.Context,android.util.AttributeSet,int)
com.mome.view.MySeekBar
com.mome.view.MySeekBar: MySeekBar(android.content.Context,android.util.AttributeSet)
com.mome.view.WrapListView
com.mome.view.WrapListView: WrapListView(android.content.Context,android.util.AttributeSet)
com.mome.view.WrapListView: WrapListView(android.content.Context,android.util.AttributeSet,int)
com.sina.weibo.sdk.api.BaseMediaObject
com.sina.weibo.sdk.api.CmdObject
com.sina.weibo.sdk.api.CmdObject: android.os.Parcelable$Creator CREATOR
com.sina.weibo.sdk.api.ImageObject
com.sina.weibo.sdk.api.ImageObject: android.os.Parcelable$Creator CREATOR
com.sina.weibo.sdk.api.MusicObject
com.sina.weibo.sdk.api.MusicObject: android.os.Parcelable$Creator CREATOR
com.sina.weibo.sdk.api.TextObject
com.sina.weibo.sdk.api.TextObject: android.os.Parcelable$Creator CREATOR
com.sina.weibo.sdk.api.VideoObject
com.sina.weibo.sdk.api.VideoObject: android.os.Parcelable$Creator CREATOR
com.sina.weibo.sdk.api.VoiceObject
com.sina.weibo.sdk.api.VoiceObject: android.os.Parcelable$Creator CREATOR
com.sina.weibo.sdk.api.WebpageObject
com.sina.weibo.sdk.api.WebpageObject: android.os.Parcelable$Creator CREATOR
com.sina.weibo.sdk.api.share.ui.EditBlogView
com.sina.weibo.sdk.api.share.ui.EditBlogView: EditBlogView(android.content.Context,android.util.AttributeSet)
com.sina.weibo.sdk.api.share.ui.EditBlogView: EditBlogView(android.content.Context,android.util.AttributeSet,int)
com.sina.weibo.sdk.auth.sso.SsoHandler$AuthType: com.sina.weibo.sdk.auth.sso.SsoHandler$AuthType[] values()
com.sina.weibo.sdk.auth.sso.SsoHandler$AuthType: com.sina.weibo.sdk.auth.sso.SsoHandler$AuthType valueOf(java.lang.String)
com.sina.weibo.sdk.call.WeiboIllegalParameterException: long serialVersionUID
com.sina.weibo.sdk.call.WeiboNotInstalledException
com.sina.weibo.sdk.call.WeiboNotInstalledException: long serialVersionUID
com.sina.weibo.sdk.call.WeiboNotInstalledException: WeiboNotInstalledException()
com.sina.weibo.sdk.call.WeiboNotInstalledException: WeiboNotInstalledException(java.lang.String)
com.sina.weibo.sdk.cmd.AppInstallCmd: AppInstallCmd(org.json.JSONObject)
com.sina.weibo.sdk.cmd.AppInvokeCmd: AppInvokeCmd(org.json.JSONObject)
com.sina.weibo.sdk.cmd.BaseCmd: BaseCmd(org.json.JSONObject)
com.sina.weibo.sdk.component.BrowserLauncher: com.sina.weibo.sdk.component.BrowserLauncher[] values()
com.sina.weibo.sdk.component.BrowserLauncher: com.sina.weibo.sdk.component.BrowserLauncher valueOf(java.lang.String)
com.sina.weibo.sdk.component.WeiboSdkBrowser
com.sina.weibo.sdk.component.WeiboSdkBrowser: WeiboSdkBrowser()
com.sina.weibo.sdk.component.WeiboSdkBrowser$2: void onClick(android.view.View)
com.sina.weibo.sdk.component.WeiboSdkBrowser$3: void onClick(android.view.View)
com.sina.weibo.sdk.component.view.AttentionComponentView
com.sina.weibo.sdk.component.view.AttentionComponentView: AttentionComponentView(android.content.Context,android.util.AttributeSet,int)
com.sina.weibo.sdk.component.view.AttentionComponentView: AttentionComponentView(android.content.Context,android.util.AttributeSet)
com.sina.weibo.sdk.component.view.AttentionComponentView$1: void onClick(android.view.View)
com.sina.weibo.sdk.component.view.CommentComponentView
com.sina.weibo.sdk.component.view.CommentComponentView: CommentComponentView(android.content.Context,android.util.AttributeSet,int)
com.sina.weibo.sdk.component.view.CommentComponentView: CommentComponentView(android.content.Context,android.util.AttributeSet)
com.sina.weibo.sdk.component.view.CommentComponentView$1: void onClick(android.view.View)