mome/proguard/mapping.txt
com.mome.main.R -> com.mome.main.R:
com.mome.main.R$anim -> com.mome.main.R$anim:
    int slide_in_from_bottom -> slide_in_from_bottom
    int slide_in_from_top -> slide_in_from_top
    int slide_out_to_bottom -> slide_out_to_bottom
    int slide_out_to_top -> slide_out_to_top
com.mome.main.R$attr -> com.mome.main.R$attr:
    int PullToRefresh_ptrMode -> PullToRefresh_ptrMode
    int actionDistance -> actionDistance
    int donut_background_color -> donut_background_color
    int donut_finished_color -> donut_finished_color
    int donut_finished_stroke_width -> donut_finished_stroke_width
    int donut_inner_bottom_text -> donut_inner_bottom_text
    int donut_inner_bottom_text_color -> donut_inner_bottom_text_color
    int donut_inner_bottom_text_size -> donut_inner_bottom_text_size
    int donut_max -> donut_max
    int donut_prefix_text -> donut_prefix_text
    int donut_progress -> donut_progress
    int donut_suffix_text -> donut_suffix_text
    int donut_text -> donut_text
    int donut_text_color -> donut_text_color
    int donut_text_size -> donut_text_size
    int donut_unfinished_color -> donut_unfinished_color
    int donut_unfinished_stroke_width -> donut_unfinished_stroke_width
    int hasStickyHeaders -> hasStickyHeaders
    int inputShow -> inputShow
    int isDrawingListUnderStickyHeader -> isDrawingListUnderStickyHeader
    int leftBtnShow -> leftBtnShow
    int leftButton -> leftButton
    int leftImg -> leftImg
    int leftText -> leftText
    int maxRotation -> maxRotation
    int ptrAdapterViewBackground -> ptrAdapterViewBackground
    int ptrAnimationStyle -> ptrAnimationStyle
    int ptrDrawable -> ptrDrawable
    int ptrDrawableBottom -> ptrDrawableBottom
    int ptrDrawableEnd -> ptrDrawableEnd
com.mome.main.R$color -> com.mome.main.R$color:
    int B3B3B3 -> B3B3B3
    int E0DEDA -> E0DEDA
    int F0F0F0 -> F0F0F0
    int Purple -> Purple
    int alpha -> alpha
    int black -> black
    int combackgroud -> combackgroud
    int dynamicDateColor -> dynamicDateColor
    int dynamicHLineColor -> dynamicHLineColor
    int dynamicLineColor -> dynamicLineColor
    int dynamicScoreClolor -> dynamicScoreClolor
    int dynamicTextNormal -> dynamicTextNormal
    int dynamicTextPressed -> dynamicTextPressed
    int dynamic_text_selector -> dynamic_text_selector
    int gary_line -> gary_line
    int gray -> gray
    int losergray -> losergray
    int mostgray -> mostgray
    int movieLineColor -> movieLineColor
    int possible_result_points -> possible_result_points
    int result_view -> result_view
    int tabBackground -> tabBackground
    int tabTitleDefault -> tabTitleDefault
    int tabTitlePressed -> tabTitlePressed
    int text_view_selector -> text_view_selector
    int viewfinder_frame -> viewfinder_frame
    int viewfinder_laser -> viewfinder_laser
    int viewfinder_mask -> viewfinder_mask
    int white -> white
...
com.google.gson.internal.bind.TypeAdapters$22 -> com.google.gson.internal.a.l$15:
    519:524:com.google.gson.TypeAdapter create(com.google.gson.Gson,com.google.gson.reflect.TypeToken) -> a
com.google.gson.internal.bind.TypeAdapters$22$1 -> com.google.gson.internal.a.l$15$1:
    com.google.gson.TypeAdapter val$dateTypeAdapter -> a
    com.google.gson.internal.bind.TypeAdapters$22 this$0 -> b
    524:524:java.lang.Object read(com.google.gson.stream.JsonReader) -> a
    524:524:void write(com.google.gson.stream.JsonWriter,java.lang.Object) -> a
com.google.gson.internal.bind.TypeAdapters$23 -> com.google.gson.internal.a.l$16:
    537:537:java.lang.Object read(com.google.gson.stream.JsonReader) -> a
    537:537:void write(com.google.gson.stream.JsonWriter,java.lang.Object) -> a
com.google.gson.internal.bind.TypeAdapters$24 -> com.google.gson.internal.a.l$17:
    605:605:java.lang.Object read(com.google.gson.stream.JsonReader) -> a
    605:605:void write(com.google.gson.stream.JsonWriter,java.lang.Object) -> a
com.google.gson.internal.bind.TypeAdapters$25 -> com.google.gson.internal.a.l$18:
    644:676:com.google.gson.JsonElement read(com.google.gson.stream.JsonReader) -> b
    681:709:void write(com.google.gson.stream.JsonWriter,com.google.gson.JsonElement) -> a
    642:642:java.lang.Object read(com.google.gson.stream.JsonReader) -> a
    642:642:void write(com.google.gson.stream.JsonWriter,java.lang.Object) -> a
com.google.gson.internal.bind.TypeAdapters$26 -> com.google.gson.internal.a.l$19:
    755:762:com.google.gson.TypeAdapter create(com.google.gson.Gson,com.google.gson.reflect.TypeToken) -> a
com.google.gson.internal.bind.TypeAdapters$28 -> com.google.gson.internal.a.l$20:
    java.lang.Class val$type -> a
    com.google.gson.TypeAdapter val$typeAdapter -> b
    782:782:com.google.gson.TypeAdapter create(com.google.gson.Gson,com.google.gson.reflect.TypeToken) -> a
    785:785:java.lang.String toString() -> toString
com.google.gson.internal.bind.TypeAdapters$29 -> com.google.gson.internal.a.l$21:
    java.lang.Class val$unboxed -> a
    java.lang.Class val$boxed -> b
    com.google.gson.TypeAdapter val$typeAdapter -> c
    795:796:com.google.gson.TypeAdapter create(com.google.gson.Gson,com.google.gson.reflect.TypeToken) -> a
    799:799:java.lang.String toString() -> toString
com.google.gson.internal.bind.TypeAdapters$3 -> com.google.gson.internal.a.l$22:
    143:143:java.lang.Object read(com.google.gson.stream.JsonReader) -> a
    143:143:void write(com.google.gson.stream.JsonWriter,java.lang.Object) -> a
com.google.gson.internal.bind.TypeAdapters$30 -> com.google.gson.internal.a.l$23:
    java.lang.Class val$base -> a
    java.lang.Class val$sub -> b
    com.google.gson.TypeAdapter val$typeAdapter -> c
    810:811:com.google.gson.TypeAdapter create(com.google.gson.Gson,com.google.gson.reflect.TypeToken) -> a
    814:814:java.lang.String toString() -> toString
com.google.gson.internal.bind.TypeAdapters$31 -> com.google.gson.internal.a.l$24:
    java.lang.Class val$clazz -> a
    com.google.gson.TypeAdapter val$typeAdapter -> b
    825:825:com.google.gson.TypeAdapter create(com.google.gson.Gson,com.google.gson.reflect.TypeToken) -> a
    828:828:java.lang.String toString() -> toString
com.google.gson.internal.bind.TypeAdapters$32 -> com.google.gson.internal.a.l$25:
    int[] $SwitchMap$com$google$gson$stream$JsonToken -> a
com.google.gson.internal.bind.TypeAdapters$4 -> com.google.gson.internal.a.l$26:
    169:169:java.lang.Object read(com.google.gson.stream.JsonReader) -> a
    169:169:void write(com.google.gson.stream.JsonWriter,java.lang.Object) -> a
com.google.gson.internal.bind.TypeAdapters$5 -> com.google.gson.internal.a.l$27:
    189:197:java.lang.Number read(com.google.gson.stream.JsonReader) -> b
    186:186:java.lang.Object read(com.google.gson.stream.JsonReader) -> a
    186:186:void write(com.google.gson.stream.JsonWriter,java.lang.Object) -> a