mome/proguard/usage.txt
com.mome.main.BuildConfig
com.mome.main.R:
    10:10:public R()
com.mome.main.business.HeadView:
    140:140:public java.lang.String getText()
com.mome.main.business.discovery.InterestFriendAdapter:
    43:43:public java.lang.String getFriendType()
    48:48:public com.jessieray.api.model.UserInfo getUserinfo()
com.mome.main.business.discovery.InterestFriendAdapter$GroupViewHolder:
    private android.widget.TextView all
    private android.widget.ImageView arrow
com.mome.main.business.dynamic.Dynamic:
    private android.widget.FrameLayout frameLayout
com.mome.main.business.dynamic.DynamicDetail:
    private android.widget.Button sendCommetn_bt
com.mome.main.business.dynamic.DynamicDetailListCell:
    29:29:public com.jessieray.api.model.DynamicInfo getDynamicInfo()
com.mome.main.business.dynamic.DynamicListCell:
    89:89:public com.jessieray.api.model.DynamicInfo getMomentInfo()
    97:97:public int getType()
com.mome.main.business.dynamic.DynamicListCell$ViewHolder:
    private android.widget.LinearLayout commentLayout
    private android.widget.LinearLayout praiseLayout
com.mome.main.business.model.UserProperty:
    40:41:public static void release()
    61:65:public boolean isLogined()
    69:70:public void clear()
com.mome.main.business.movie.MovieDetail:
    private android.widget.TextView addBtn
    private android.widget.RelativeLayout movie_detail_looked_ry
    private android.widget.RelativeLayout movie_detail_collect_rl
    private android.widget.TextView commend_friends
    private android.widget.TextView movieIntroduce_tv
    123:126:public void ToMovieRecord(android.view.View)
    136:139:public void ToLookedRecord(android.view.View)
com.mome.main.business.movie.MovieDetailListCell:
    33:33:public com.jessieray.api.model.DynamicInfo getMomentInfo()
com.mome.main.business.movie.MovieListCell:
    62:62:public com.jessieray.api.model.MovieInfo getMovieInfo()
com.mome.main.business.movie.MovieListCell$ViewHolder:
    private android.widget.ImageView add
com.mome.main.business.movie.SameFriendsList:
    232:241:private void page()
com.mome.main.business.movie.SelectedFriendsListCell:
    97:97:public boolean isChildSelectable(int,int)
com.mome.main.business.record.AddRecord:
    private android.widget.LinearLayout addComment
com.mome.main.business.record.CityExpandablelistAdapter:
    57:57:public java.util.List getChildList()
    85:85:public boolean isChildSelectable(int,int)
com.mome.main.business.record.MovieComment:
    private android.widget.TextView atFriend
    private android.widget.Button sina
com.mome.main.business.record.Record:
    private android.widget.ImageView clear
com.mome.main.business.record.SelectCinema:
    private android.widget.EditText search
com.mome.main.business.record.SelectCinemaListCell:
    24:24:public com.jessieray.api.model.DistrictsInfo getDistance()
com.mome.main.business.userinfo.FriendHome:
    private android.widget.ImageButton message
    private android.widget.LinearLayout TAMovieHouseLayout
    private android.widget.LinearLayout TAphotosLayout
    private android.widget.LinearLayout TAcollectionLayout
    private android.widget.LinearLayout TAattentionLayout
    93:97:public void takeAttention(android.view.View)
    378:399:private void addAddttention()
    402:423:private void cancelAddttention()
com.mome.main.business.userinfo.FriendHome$4
com.mome.main.business.userinfo.FriendHome$5
com.mome.main.business.userinfo.FriendsDynaicListCell
com.mome.main.business.userinfo.FriendsDynaicListCell$ViewHolder
com.mome.main.business.userinfo.FriendsDynaicListCell$ViewHolder$1
com.mome.main.business.userinfo.FriendsDynaicListCell$ViewHolder$2
com.mome.main.business.userinfo.FriendsExpandablelistAdapter:
    59:59:public java.util.ArrayList getChildList()
    96:96:public boolean isChildSelectable(int,int)
com.mome.main.business.userinfo.MyChat:
    private android.widget.Button sendMsg
...
com.google.zxing.client.result.ParsedResult
com.google.zxing.client.result.ParsedResultType
com.google.zxing.client.result.ProductParsedResult
com.google.zxing.client.result.ProductResultParser
com.google.zxing.client.result.ResultParser
com.google.zxing.client.result.SMSMMSResultParser
com.google.zxing.client.result.SMSParsedResult
com.google.zxing.client.result.SMSTOMMSTOResultParser
com.google.zxing.client.result.SMTPResultParser
com.google.zxing.client.result.TelParsedResult
com.google.zxing.client.result.TelResultParser
com.google.zxing.client.result.TextParsedResult
com.google.zxing.client.result.URIParsedResult
com.google.zxing.client.result.URIResultParser
com.google.zxing.client.result.URLTOResultParser
com.google.zxing.client.result.VCardResultParser
com.google.zxing.client.result.VEventResultParser
com.google.zxing.client.result.WifiParsedResult
com.google.zxing.client.result.WifiResultParser
com.google.zxing.client.result.optional.AbstractNDEFResultParser
com.google.zxing.client.result.optional.NDEFRecord
com.google.zxing.client.result.optional.NDEFSmartPosterParsedResult
com.google.zxing.client.result.optional.NDEFSmartPosterResultParser
com.google.zxing.client.result.optional.NDEFTextResultParser
com.google.zxing.client.result.optional.NDEFURIResultParser
com.google.zxing.common.BitArray:
    48:48:public int getSizeInBytes()
    52:57:private void ensureCapacity(int)
    82:83:public void flip(int)
    93:94:public void setBulk(int,int)
    148:153:public void appendBit(boolean)
    161:168:public void appendBits(int,int)
    171:176:public void appendBitArray(com.google.zxing.common.BitArray)
    179:187:public void xor(com.google.zxing.common.BitArray)
    198:208:public void toBytes(int,byte[],int,int)
    215:215:public int[] getBitArray()
com.google.zxing.common.BitMatrix:
    95:99:public void clear()
    138:145:public com.google.zxing.common.BitArray getRow(int,com.google.zxing.common.BitArray)
com.google.zxing.common.CharacterSetECI:
    104:107:public static com.google.zxing.common.CharacterSetECI getCharacterSetECIByName(java.lang.String)
com.google.zxing.common.Collections:
    29:30:private Collections()
com.google.zxing.common.ECI:
    34:34:public int getValue()
    43:49:public static com.google.zxing.common.ECI getECIByValue(int)
com.google.zxing.common.GlobalHistogramBinarizer:
    private static final int LUMINANCE_BITS
    private static final int LUMINANCE_SHIFT
    private static final int LUMINANCE_BUCKETS
com.google.zxing.common.GridSampler:
    48:52:public static void setGridSampler(com.google.zxing.common.GridSampler)
com.google.zxing.common.HybridBinarizer:
    private static final int MINIMUM_DIMENSION
com.google.zxing.common.PerspectiveTransform:
    80:88:public void transformPoints(float[],float[])
com.google.zxing.common.StringUtils:
    public static final java.lang.String SHIFT_JIS
    public static final java.lang.String GB2312
    private static final java.lang.String EUC_JP
    private static final java.lang.String UTF8
    private static final java.lang.String ISO88591
    41:41:private StringUtils()
com.google.zxing.common.detector.MonochromeRectangleDetector
com.google.zxing.common.detector.WhiteRectangleDetector:
    private static final int INIT_SIZE
    private static final int CORR
    65:77:public WhiteRectangleDetector(com.google.zxing.common.BitMatrix,int,int,int)
com.google.zxing.common.reedsolomon.GenericGF:
    private static final int INITIALIZATION_THRESHOLD
com.google.zxing.common.reedsolomon.GenericGFPoly:
    70:70:int[] getCoefficients()
    201:223:com.google.zxing.common.reedsolomon.GenericGFPoly[] divide(com.google.zxing.common.reedsolomon.GenericGFPoly)
com.google.zxing.common.reedsolomon.ReedSolomonEncoder
com.google.zxing.datamatrix.DataMatrixReader:
    57:57:public com.google.zxing.Result decode(com.google.zxing.BinaryBitmap)